<?xml version="1.0" encoding="UTF-8"?>
<!-- Generated by org.testng.reporters.JUnitReportReporter -->
<testsuite hostname="DESKTOP-QJ8FUFK" failures="0" tests="4" name="api.test.UserTest2" time="7.716" errors="0" timestamp="2023-10-11T16:02:39 ICT" skipped="0">
  <testcase classname="api.test.UserTest2" name="testPostUser" time="3.921"/>
  <system-out/>
  <testcase classname="api.test.UserTest2" name="testGetUserByName" time="1.312"/>
  <system-out/>
  <testcase classname="api.test.UserTest2" name="testUpdateUserByName" time="1.263"/>
  <system-out/>
  <testcase classname="api.test.UserTest2" name="testDeleteUserByName" time="1.220"/>
  <system-out/>
</testsuite> <!-- api.test.UserTest2 -->
