<?xml version="1.0" encoding="UTF-8"?>
<!-- Generated by org.testng.reporters.JUnitReportReporter -->
<testsuite hostname="DESKTOP-QJ8FUFK" failures="0" tests="6" name="api.test.DataDrivenTest" time="10.503" errors="0" timestamp="2023-10-11T10:55:17 ICT" skipped="0">
  <testcase classname="api.test.DataDrivenTest" name="testPostUser" time="4.069"/>
  <system-out/>
  <testcase classname="api.test.DataDrivenTest" name="testPostUser" time="1.278"/>
  <system-out/>
  <testcase classname="api.test.DataDrivenTest" name="testPostUser" time="1.300"/>
  <system-out/>
  <testcase classname="api.test.DataDrivenTest" name="testGetUserByName" time="1.319"/>
  <system-out/>
  <testcase classname="api.test.DataDrivenTest" name="testGetUserByName" time="1.285"/>
  <system-out/>
  <testcase classname="api.test.DataDrivenTest" name="testGetUserByName" time="1.252"/>
  <system-out/>
</testsuite> <!-- api.test.DataDrivenTest -->
