<?xml version="1.0" encoding="UTF-8"?>
<!-- Generated by org.testng.reporters.JUnitReportReporter -->
<testsuite hostname="DESKTOP-QJ8FUFK" failures="0" tests="4" name="api.test.UserTest" time="7.368" errors="0" timestamp="2023-10-11T16:51:32 ICT" skipped="0">
  <testcase classname="api.test.UserTest" name="testPostUser" time="3.582"/>
  <system-out/>
  <testcase classname="api.test.UserTest" name="testGetUserByName" time="1.326"/>
  <system-out/>
  <testcase classname="api.test.UserTest" name="testUpdateUserByName" time="1.289"/>
  <system-out/>
  <testcase classname="api.test.UserTest" name="testDeleteUserByName" time="1.171"/>
  <system-out/>
</testsuite> <!-- api.test.UserTest -->
