<?xml version="1.0" encoding="UTF-8"?>
<!-- Generated by org.testng.reporters.JUnitReportReporter -->
<testsuite hostname="DESKTOP-QJ8FUFK" failures="0" tests="6" name="api.test.DataDrivenTest" time="9.135" errors="0" timestamp="2023-10-11T16:35:29 ICT" skipped="0">
  <testcase classname="api.test.DataDrivenTest" name="testPostUser" time="2.916"/>
  <system-out/>
  <testcase classname="api.test.DataDrivenTest" name="testPostUser" time="1.246"/>
  <system-out/>
  <testcase classname="api.test.DataDrivenTest" name="testPostUser" time="1.240"/>
  <system-out/>
  <testcase classname="api.test.DataDrivenTest" name="testDeletUserByName" time="1.277"/>
  <system-out/>
  <testcase classname="api.test.DataDrivenTest" name="testDeletUserByName" time="1.208"/>
  <system-out/>
  <testcase classname="api.test.DataDrivenTest" name="testDeletUserByName" time="1.248"/>
  <system-out/>
</testsuite> <!-- api.test.DataDrivenTest -->
